Grammar

    0 $accept: lists $end

    1 lists: list
    2      | list '\n' lists

    3 list: %empty
    4     | NUM
    5     | NUM ',' list


Terminals, with rules where they appear

$end (0) 0
'\n' (10) 2
',' (44) 5
error (256)
NUM (258) 4 5


Nonterminals, with rules where they appear

$accept (6)
    on left: 0
lists (7)
    on left: 1 2, on right: 0 2
list (8)
    on left: 3 4 5, on right: 1 2 5


State 0

    0 $accept: . lists $end

    NUM  shift, and go to state 1

    $default  reduce using rule 3 (list)

    lists  go to state 2
    list   go to state 3


State 1

    4 list: NUM .
    5     | NUM . ',' list

    ','  shift, and go to state 4

    $default  reduce using rule 4 (list)


State 2

    0 $accept: lists . $end

    $end  shift, and go to state 5


State 3

    1 lists: list .
    2      | list . '\n' lists

    '\n'  shift, and go to state 6

    $default  reduce using rule 1 (lists)


State 4

    5 list: NUM ',' . list

    NUM  shift, and go to state 1

    $default  reduce using rule 3 (list)

    list  go to state 7


State 5

    0 $accept: lists $end .

    $default  accept


State 6

    2 lists: list '\n' . lists

    NUM  shift, and go to state 1

    $default  reduce using rule 3 (list)

    lists  go to state 8
    list   go to state 3


State 7

    5 list: NUM ',' list .

    $default  reduce using rule 5 (list)


State 8

    2 lists: list '\n' lists .

    $default  reduce using rule 2 (lists)
