Grammar

    0 $accept: date $end

    1 date: MONTH NUMBER ',' NUMBER
    2     | MONTH NUMBER ';' NUMBER


Terminals, with rules where they appear

$end (0) 0
',' (44) 1
';' (59) 2
error (256)
NUMBER (258) 1 2
MONTH (259) 1 2


Nonterminals, with rules where they appear

$accept (7)
    on left: 0
date (8)
    on left: 1 2, on right: 0


State 0

    0 $accept: . date $end

    MONTH  shift, and go to state 1

    date  go to state 2


State 1

    1 date: MONTH . NUMBER ',' NUMBER
    2     | MONTH . NUMBER ';' NUMBER

    NUMBER  shift, and go to state 3


State 2

    0 $accept: date . $end

    $end  shift, and go to state 4


State 3

    1 date: MONTH NUMBER . ',' NUMBER
    2     | MONTH NUMBER . ';' NUMBER

    ','  shift, and go to state 5
    ';'  shift, and go to state 6


State 4

    0 $accept: date $end .

    $default  accept


State 5

    1 date: MONTH NUMBER ',' . NUMBER

    NUMBER  shift, and go to state 7


State 6

    2 date: MONTH NUMBER ';' . NUMBER

    NUMBER  shift, and go to state 8


State 7

    1 date: MONTH NUMBER ',' NUMBER .

    $default  reduce using rule 1 (date)


State 8

    2 date: MONTH NUMBER ';' NUMBER .

    $default  reduce using rule 2 (date)
